
=== Sat Dec 10 05:11:46 2022

Packages were changed.
Update Mode: updateDependencies

The following packages were updated:
  com.unity.2d.animation from version 7.0.7 to 7.0.9
  com.unity.2d.pixel-perfect from version 5.0.1 to 5.0.3
  com.unity.2d.psdimporter from version 6.0.5 to 6.0.6
  com.unity.cinemachine from version 2.8.6 to 2.8.9
  com.unity.ide.rider from version 3.0.15 to 3.0.16
  com.unity.inputsystem from version 1.4.2 to 1.4.4

=== Tue Apr 25 21:28:57 2023

Packages were changed.
Update Mode: updateDependencies

The following packages were added:
  com.unity.ai.navigation@1.1.1
The following packages were updated:
  com.unity.2d.animation from version 7.0.9 to 9.0.2
  com.unity.2d.psdimporter from version 6.0.6 to 8.0.2
  com.unity.2d.spriteshape from version 7.0.6 to 9.0.2
  com.unity.2d.tilemap.extras from version 2.2.3 to 3.1.0
  com.unity.cinemachine from version 2.8.9 to 2.9.5
  com.unity.inputsystem from version 1.4.4 to 1.5.1
  com.unity.test-framework from version 1.1.31 to 1.1.33
  com.unity.timeline from version 1.6.4 to 1.7.4

=== Sun May  7 17:23:09 2023

Packages were changed.
Update Mode: updateDependencies

The following packages were updated:
  com.unity.ai.navigation from version 1.1.1 to 1.1.3
  com.unity.ide.visualstudio from version 2.0.17 to 2.0.18

=== Sun Jul  9 20:19:58 2023

Packages were changed.
Update Mode: updateDependencies

The following packages were updated:
  com.unity.2d.animation from version 9.0.2 to 9.0.3
  com.unity.ai.navigation from version 1.1.3 to 1.1.4
  com.unity.feature.2d from version 1.0.0 to 2.0.0
  com.unity.inputsystem from version 1.5.1 to 1.6.1

=== Wed Aug 23 15:53:22 2023

Packages were changed.
Update Mode: updateDependencies

The following packages were updated:
  com.unity.2d.tilemap.extras from version 3.1.0 to 3.1.1
  com.unity.inputsystem from version 1.6.1 to 1.6.3
  com.unity.timeline from version 1.7.4 to 1.7.5

=== Mon Sep  4 06:52:31 2023

Packages were changed.
Update Mode: updateDependencies

The following packages were updated:
  com.unity.2d.animation from version 9.0.3 to 10.0.2
  com.unity.2d.psdimporter from version 8.0.2 to 9.0.0
  com.unity.2d.spriteshape from version 9.0.2 to 10.0.1
  com.unity.2d.tilemap.extras from version 3.1.1 to 4.0.1
  com.unity.inputsystem from version 1.6.3 to 1.7.0
  com.unity.test-framework from version 1.1.33 to 1.3.7
  com.unity.timeline from version 1.7.5 to 1.8.2
